TN:
SF:src\middleware\errorHandler.ts
FN:6,(anonymous_1)
FNF:1
FNH:1
FNDA:7,(anonymous_1)
DA:2,1
DA:4,1
DA:6,1
DA:12,7
DA:13,6
DA:17,6
DA:18,6
DA:21,1
DA:23,1
DA:27,1
LF:10
LH:10
BRDA:12,0,0,6
BRF:1
BRH:1
end_of_record
TN:
SF:src\middleware\sanitize.ts
FN:8,sanitizeValue
FN:18,(anonymous_1)
FN:32,(anonymous_2)
FNF:3
FNH:3
FNDA:28,sanitizeValue
FNDA:2,(anonymous_1)
FNDA:5,(anonymous_2)
DA:4,1
DA:9,28
DA:10,8
DA:11,8
DA:12,8
DA:14,8
DA:17,20
DA:18,2
DA:21,19
DA:22,17
DA:23,17
DA:24,11
DA:26,17
DA:29,2
DA:32,1
DA:33,5
DA:34,5
DA:36,5
DA:37,5
DA:39,5
DA:40,5
DA:42,5
LF:22
LH:22
BRDA:9,0,0,8
BRDA:17,1,0,1
BRDA:21,2,0,17
BRDA:21,3,0,19
BRDA:21,3,1,19
BRDA:33,4,0,5
BRDA:36,5,0,5
BRDA:39,6,0,5
BRF:8
BRH:8
end_of_record
TN:
SF:src\services\cache.ts
FN:10,resetCacheForTest
FN:15,getClient
FN:24,(anonymous_3)
FN:36,buildCacheKey
FN:40,getCachedFootprint
FN:58,setCachedFootprint
FNF:6
FNH:5
FNDA:5,resetCacheForTest
FNDA:5,getClient
FNDA:0,(anonymous_3)
FNDA:5,buildCacheKey
FNDA:3,getCachedFootprint
FNDA:2,setCachedFootprint
DA:1,1
DA:3,1
DA:5,1
DA:7,1
DA:8,1
DA:10,1
DA:11,5
DA:12,5
DA:16,5
DA:17,5
DA:18,5
DA:19,5
DA:21,5
DA:22,5
DA:24,5
DA:25,0
DA:28,0
DA:29,0
DA:30,0
DA:33,5
DA:37,5
DA:40,1
DA:46,3
DA:47,3
DA:48,3
DA:50,3
DA:51,3
DA:52,2
DA:54,1
DA:58,1
DA:65,2
DA:66,2
DA:67,2
DA:69,2
DA:70,2
DA:72,1
LF:36
LH:32
BRDA:16,0,0,5
BRDA:18,1,0,5
BRDA:18,1,1,0
BRDA:19,2,0,5
BRDA:19,2,1,0
BRDA:28,3,0,0
BRDA:28,3,1,0
BRDA:48,4,0,0
BRDA:52,5,0,1
BRDA:52,5,1,1
BRDA:67,6,0,0
BRF:11
BRH:5
end_of_record
TN:
SF:src\services\footprint.ts
FN:17,getDashboardSummary
FN:43,(anonymous_1)
FN:50,(anonymous_2)
FN:51,(anonymous_3)
FN:62,getCategoryBreakdown
FN:69,(anonymous_5)
FN:80,(anonymous_6)
FN:83,(anonymous_7)
FN:89,(anonymous_8)
FN:100,getDailyProgress
FN:128,(anonymous_10)
FNF:11
FNH:11
FNDA:2,getDashboardSummary
FNDA:3,(anonymous_1)
FNDA:3,(anonymous_2)
FNDA:3,(anonymous_3)
FNDA:3,getCategoryBreakdown
FNDA:6,(anonymous_5)
FNDA:5,(anonymous_6)
FNDA:5,(anonymous_7)
FNDA:5,(anonymous_8)
FNDA:2,getDailyProgress
FNDA:33,(anonymous_10)
DA:1,1
DA:5,1
DA:8,1
DA:17,1
DA:18,2
DA:19,2
DA:20,2
DA:21,2
DA:22,2
DA:24,2
DA:27,2
DA:43,3
DA:45,2
DA:50,3
DA:51,3
DA:62,1
DA:63,3
DA:68,3
DA:70,6
DA:71,5
DA:73,6
DA:74,6
DA:75,6
DA:80,5
DA:82,3
DA:83,5
DA:89,5
DA:100,1
DA:101,2
DA:102,2
DA:104,2
DA:110,2
DA:112,2
DA:113,33
DA:114,33
DA:115,33
DA:116,33
DA:119,2
DA:120,2
DA:121,2
DA:122,2
DA:123,2
DA:124,2
DA:128,33
DA:135,1
LF:45
LH:45
BRDA:47,0,0,1
BRDA:47,0,1,1
BRDA:70,1,0,5
BRDA:86,2,0,5
BRDA:86,2,1,0
BRDA:100,3,0,1
BRDA:122,4,0,2
BRF:7
BRH:6
end_of_record
TN:
SF:src\services\gemini.ts
FN:9,getClient
FN:20,calculateFootprint
FN:85,generateTips
FN:93,(anonymous_3)
FN:128,getDefaultTips
FN:141,checkGeminiStatus
FNF:6
FNH:6
FNDA:22,getClient
FNDA:5,calculateFootprint
FNDA:3,generateTips
FNDA:2,(anonymous_3)
FNDA:2,getDefaultTips
FNDA:4,checkGeminiStatus
DA:1,1
DA:3,1
DA:4,1
DA:7,1
DA:9,1
DA:10,22
DA:11,1
DA:12,1
DA:13,0
DA:15,1
DA:17,22
DA:20,1
DA:26,5
DA:27,5
DA:28,1
DA:31,4
DA:32,4
DA:33,4
DA:35,4
DA:52,4
DA:53,3
DA:54,3
DA:56,3
DA:57,3
DA:58,1
DA:61,2
DA:63,2
DA:64,1
DA:67,1
DA:72,1
DA:74,1
DA:76,3
DA:77,2
DA:79,1
DA:85,1
DA:88,3
DA:89,3
DA:90,3
DA:92,3
DA:93,2
DA:96,3
DA:107,3
DA:108,2
DA:109,2
DA:111,2
DA:112,2
DA:113,1
DA:116,1
DA:118,1
DA:119,0
DA:122,1
DA:124,1
DA:129,2
DA:141,1
DA:142,4
DA:143,4
DA:144,1
DA:151,3
DA:152,3
DA:153,3
DA:155,3
DA:160,2
DA:161,2
DA:162,1
DA:168,1
DA:175,1
DA:176,1
LF:67
LH:65
BRDA:10,0,0,1
BRDA:12,1,0,0
BRDA:27,2,0,1
BRDA:57,3,0,1
BRDA:63,4,0,1
BRDA:63,5,0,2
BRDA:63,5,1,1
BRDA:76,6,0,2
BRDA:80,7,0,1
BRDA:80,7,1,0
BRDA:101,8,0,3
BRDA:101,8,1,1
BRDA:112,9,0,1
BRDA:118,10,0,0
BRDA:118,11,0,1
BRDA:118,11,1,1
BRDA:143,12,0,1
BRDA:143,13,0,4
BRDA:143,13,1,3
BRDA:161,14,0,1
BRDA:175,15,0,1
BRDA:175,15,1,0
BRF:22
BRH:18
end_of_record
TN:
SF:src\utils\errors.ts
FN:9,(anonymous_0)
FN:25,(anonymous_1)
FN:38,(anonymous_2)
FN:51,(anonymous_3)
FN:64,(anonymous_4)
FN:77,(anonymous_5)
FN:90,(anonymous_6)
FNF:7
FNH:7
FNDA:22,(anonymous_0)
FNDA:3,(anonymous_1)
FNDA:3,(anonymous_2)
FNDA:5,(anonymous_3)
FNDA:6,(anonymous_4)
FNDA:2,(anonymous_5)
FNDA:2,(anonymous_6)
DA:4,4
DA:10,22
DA:13,22
DA:14,22
DA:21,4
DA:26,3
DA:27,3
DA:34,4
DA:39,3
DA:40,3
DA:47,4
DA:52,5
DA:53,5
DA:60,4
DA:65,6
DA:66,6
DA:73,4
DA:78,2
DA:79,2
DA:86,4
DA:91,2
DA:92,2
LF:22
LH:22
BRDA:38,0,0,1
BRDA:51,1,0,1
BRDA:64,2,0,1
BRDA:77,3,0,1
BRDA:90,4,0,0
BRF:5
BRH:4
end_of_record
TN:
SF:src\utils\jwt.ts
FN:6,getSecret
FN:15,getRefreshSecret
FN:29,generateAccessToken
FN:39,generateRefreshToken
FN:50,verifyAccessToken
FN:69,verifyRefreshToken
FNF:6
FNH:6
FNDA:10,getSecret
FNDA:6,getRefreshSecret
FNDA:5,generateAccessToken
FNDA:3,generateRefreshToken
FNDA:5,verifyAccessToken
FNDA:3,verifyRefreshToken
DA:1,1
DA:3,1
DA:7,10
DA:8,10
DA:9,0
DA:11,10
DA:16,6
DA:17,6
DA:18,0
DA:20,6
DA:29,1
DA:30,5
DA:39,1
DA:40,3
DA:50,1
DA:51,5
DA:52,5
DA:53,2
DA:55,3
DA:56,1
DA:58,2
DA:69,1
DA:70,3
DA:71,3
DA:72,2
DA:74,1
DA:75,0
DA:77,1
LF:28
LH:25
BRDA:8,0,0,0
BRDA:17,1,0,0
BRDA:55,2,0,1
BRDA:74,3,0,0
BRF:4
BRH:1
end_of_record
TN:
SF:src\utils\logger.ts
FNF:0
FNH:0
DA:1,2
DA:3,2
DA:8,2
LF:3
LH:3
BRDA:4,0,0,2
BRDA:4,0,1,2
BRF:2
BRH:2
end_of_record
TN:
SF:src\utils\validation.ts
FN:6,(anonymous_0)
FNF:1
FNH:1
FNDA:1,(anonymous_0)
DA:1,1
DA:4,1
DA:6,1
DA:26,1
DA:32,1
DA:45,1
LF:6
LH:6
BRF:0
BRH:0
end_of_record
