TN:
SF:src\controllers\activityController.ts
FN:25,(anonymous_0)
FN:29,(anonymous_1)
FN:97,(anonymous_2)
FN:146,(anonymous_3)
FNF:4
FNH:4
FNDA:3,(anonymous_0)
FNDA:4,(anonymous_1)
FNDA:3,(anonymous_2)
FNDA:3,(anonymous_3)
DA:2,4
DA:3,4
DA:4,4
DA:5,4
DA:6,4
DA:10,4
DA:25,4
DA:26,3
DA:27,3
DA:28,3
DA:29,4
DA:32,1
DA:35,1
DA:36,1
DA:45,1
DA:46,0
DA:50,0
DA:51,0
DA:54,1
DA:56,1
DA:68,1
DA:70,1
DA:75,1
DA:77,2
DA:97,4
DA:98,3
DA:99,3
DA:101,3
DA:103,3
DA:105,3
DA:106,0
DA:109,3
DA:117,3
DA:118,3
DA:119,3
DA:124,3
DA:136,3
DA:138,0
DA:146,4
DA:147,3
DA:148,3
DA:150,3
DA:155,3
DA:156,1
DA:159,2
DA:160,1
DA:163,1
DA:165,1
DA:166,1
DA:168,2
LF:50
LH:45
BRDA:28,0,0,2
BRDA:45,1,0,0
BRDA:64,2,0,0
BRDA:64,2,1,1
BRDA:101,3,0,3
BRDA:101,3,1,1
BRDA:105,4,0,0
BRDA:105,5,0,3
BRDA:105,5,1,0
BRDA:114,6,0,1
BRDA:114,6,1,2
BRDA:118,7,0,0
BRDA:118,7,1,3
BRDA:119,8,0,0
BRDA:119,8,1,3
BRDA:155,9,0,1
BRDA:159,10,0,1
BRF:17
BRH:11
end_of_record
TN:
SF:src\controllers\authController.ts
FN:24,toSafeUser
FN:37,(anonymous_1)
FN:41,(anonymous_2)
FN:86,(anonymous_3)
FN:90,(anonymous_4)
FN:134,(anonymous_5)
FN:177,(anonymous_6)
FN:209,(anonymous_7)
FNF:8
FNH:5
FNDA:2,toSafeUser
FNDA:4,(anonymous_1)
FNDA:5,(anonymous_2)
FNDA:3,(anonymous_3)
FNDA:0,(anonymous_4)
FNDA:1,(anonymous_5)
FNDA:0,(anonymous_6)
FNDA:0,(anonymous_7)
DA:2,4
DA:3,4
DA:4,4
DA:5,4
DA:6,4
DA:10,4
DA:25,2
DA:37,4
DA:38,4
DA:39,4
DA:40,4
DA:41,5
DA:44,2
DA:46,2
DA:47,2
DA:48,1
DA:51,1
DA:53,1
DA:57,1
DA:59,1
DA:60,1
DA:62,1
DA:67,1
DA:69,1
DA:71,1
DA:76,1
DA:78,3
DA:86,4
DA:87,3
DA:88,3
DA:89,3
DA:90,0
DA:93,3
DA:95,3
DA:96,3
DA:97,1
DA:100,2
DA:101,2
DA:102,1
DA:105,1
DA:107,1
DA:108,1
DA:110,1
DA:115,1
DA:117,1
DA:119,1
DA:124,1
DA:126,2
DA:134,4
DA:135,1
DA:136,1
DA:137,1
DA:138,1
DA:141,0
DA:143,0
DA:144,0
DA:145,0
DA:148,0
DA:150,0
DA:151,0
DA:153,0
DA:158,0
DA:160,0
DA:162,0
DA:167,0
DA:169,1
DA:177,4
DA:178,0
DA:179,0
DA:181,0
DA:182,0
DA:183,0
DA:184,0
DA:191,0
DA:198,0
DA:199,0
DA:201,0
DA:209,4
DA:210,0
DA:211,0
DA:215,0
DA:216,0
DA:219,0
DA:224,0
DA:226,0
LF:85
LH:55
BRDA:13,0,0,0
BRDA:13,0,1,4
BRDA:40,1,0,2
BRDA:47,2,0,1
BRDA:89,3,0,0
BRDA:96,4,0,1
BRDA:101,5,0,1
BRDA:137,6,0,1
BRDA:144,7,0,0
BRDA:144,8,0,0
BRDA:144,8,1,0
BRDA:181,9,0,0
BRDA:183,10,0,0
BRDA:195,11,0,0
BRDA:195,11,1,0
BRDA:215,12,0,0
BRF:16
BRH:6
end_of_record
TN:
SF:src\controllers\chatController.ts
FN:25,(anonymous_1)
FN:48,(anonymous_2)
FN:54,(anonymous_3)
FN:95,(anonymous_4)
FN:138,(anonymous_5)
FNF:5
FNH:0
FNDA:0,(anonymous_1)
FNDA:0,(anonymous_2)
FNDA:0,(anonymous_3)
FNDA:0,(anonymous_4)
FNDA:0,(anonymous_5)
DA:2,4
DA:3,4
DA:4,4
DA:6,4
DA:7,4
DA:8,4
DA:25,4
DA:26,0
DA:27,0
DA:29,0
DA:35,0
DA:37,0
DA:42,0
DA:44,0
DA:48,4
DA:49,0
DA:50,0
DA:52,0
DA:53,0
DA:54,0
DA:57,0
DA:59,0
DA:60,0
DA:61,0
DA:63,0
DA:64,0
DA:72,0
DA:77,0
DA:78,0
DA:79,0
DA:80,0
DA:81,0
DA:89,0
DA:94,0
DA:95,0
DA:97,0
DA:99,0
DA:100,0
DA:102,0
DA:103,0
DA:104,0
DA:105,0
DA:106,0
DA:110,0
DA:111,0
DA:113,0
DA:115,0
DA:116,0
DA:119,0
DA:120,0
DA:121,0
DA:123,0
DA:124,0
DA:125,0
DA:126,0
DA:127,0
DA:129,0
DA:131,0
DA:133,0
DA:135,0
DA:138,0
DA:139,0
DA:140,0
DA:148,0
DA:156,0
DA:157,0
DA:158,0
DA:159,0
DA:160,0
DA:161,0
DA:162,0
DA:163,0
DA:164,0
DA:165,0
DA:166,0
DA:167,0
DA:170,0
DA:185,0
DA:189,0
DA:190,0
DA:193,0
DA:197,0
LF:82
LH:8
BRDA:53,0,0,0
BRDA:78,1,0,0
BRDA:78,2,0,0
BRDA:78,2,1,0
BRDA:80,3,0,0
BRDA:80,4,0,0
BRDA:80,4,1,0
BRDA:82,5,0,0
BRDA:82,5,1,0
BRDA:104,6,0,0
BRDA:113,7,0,0
BRDA:113,7,1,0
BRDA:115,8,0,0
BRDA:119,9,0,0
BRDA:120,10,0,0
BRDA:120,10,1,0
BRDA:124,11,0,0
BRDA:124,11,1,0
BRDA:126,12,0,0
BRDA:126,12,1,0
BRDA:157,13,0,0
BRDA:161,14,0,0
BRDA:163,15,0,0
BRDA:163,16,0,0
BRDA:163,16,1,0
BRDA:165,17,0,0
BRDA:165,17,1,0
BRDA:166,18,0,0
BRDA:174,19,0,0
BRDA:174,19,1,0
BRDA:189,20,0,0
BRF:31
BRH:0
end_of_record
TN:
SF:src\controllers\dashboardController.ts
FN:9,(anonymous_0)
FN:23,(anonymous_1)
FN:37,(anonymous_2)
FNF:3
FNH:3
FNDA:2,(anonymous_0)
FNDA:1,(anonymous_1)
FNDA:1,(anonymous_2)
DA:2,4
DA:9,4
DA:10,2
DA:11,2
DA:12,2
DA:13,2
DA:15,0
DA:23,4
DA:24,1
DA:25,1
DA:26,1
DA:27,1
DA:29,0
DA:37,4
DA:38,1
DA:39,1
DA:40,1
DA:41,1
DA:43,0
LF:19
LH:16
BRF:0
BRH:0
end_of_record
TN:
SF:src\controllers\exportController.ts
FN:4,(anonymous_0)
FN:14,(anonymous_1)
FNF:2
FNH:0
FNDA:0,(anonymous_0)
FNDA:0,(anonymous_1)
DA:2,4
DA:4,4
DA:5,0
DA:6,0
DA:8,0
DA:13,0
DA:14,0
DA:15,0
DA:18,0
DA:20,0
DA:21,0
DA:22,0
DA:24,0
LF:13
LH:2
BRF:0
BRH:0
end_of_record
TN:
SF:src\controllers\tipsController.ts
FN:13,(anonymous_0)
FN:23,(anonymous_1)
FNF:2
FNH:1
FNDA:2,(anonymous_0)
FNDA:0,(anonymous_1)
DA:2,4
DA:3,4
DA:13,4
DA:14,2
DA:15,2
DA:16,2
DA:17,2
DA:19,0
DA:23,4
DA:24,0
DA:25,0
DA:26,0
DA:27,0
DA:29,0
LF:14
LH:8
BRF:0
BRH:0
end_of_record
TN:
SF:src\middleware\auth.ts
FN:14,(anonymous_0)
FN:44,(anonymous_1)
FNF:2
FNH:1
FNDA:20,(anonymous_0)
FNDA:0,(anonymous_1)
DA:2,4
DA:3,4
DA:14,4
DA:15,20
DA:17,20
DA:18,5
DA:21,15
DA:23,15
DA:24,0
DA:27,15
DA:29,15
DA:30,0
DA:33,15
DA:34,15
DA:36,15
DA:44,4
DA:45,0
DA:47,0
DA:48,0
DA:49,0
DA:52,0
DA:54,0
DA:55,0
DA:56,0
DA:59,0
DA:60,0
DA:61,0
DA:66,0
LF:28
LH:14
BRDA:17,0,0,5
BRDA:23,1,0,0
BRDA:23,2,0,15
BRDA:23,2,1,15
BRDA:29,3,0,0
BRDA:47,4,0,0
BRDA:54,5,0,0
BRDA:54,6,0,0
BRDA:54,6,1,0
BRF:9
BRH:3
end_of_record
TN:
SF:src\middleware\errorHandler.ts
FN:6,(anonymous_1)
FNF:1
FNH:1
FNDA:22,(anonymous_1)
DA:2,5
DA:4,5
DA:6,5
DA:7,22
DA:8,21
DA:12,21
DA:13,21
DA:16,1
DA:18,1
DA:22,1
LF:10
LH:10
BRDA:7,0,0,21
BRF:1
BRH:1
end_of_record
TN:
SF:src\middleware\rateLimiter.ts
FNF:0
FNH:0
DA:1,4
DA:6,4
DA:21,4
DA:36,4
LF:4
LH:4
BRF:0
BRH:0
end_of_record
TN:
SF:src\middleware\sanitize.ts
FN:6,sanitizeValue
FN:16,(anonymous_1)
FN:30,(anonymous_2)
FNF:3
FNH:3
FNDA:142,sanitizeValue
FNDA:2,(anonymous_1)
FNDA:33,(anonymous_2)
DA:4,5
DA:7,142
DA:8,34
DA:9,34
DA:10,34
DA:12,34
DA:15,108
DA:16,2
DA:19,107
DA:20,101
DA:21,101
DA:22,41
DA:24,101
DA:27,6
DA:30,5
DA:31,33
DA:32,33
DA:34,33
DA:35,33
DA:37,33
DA:38,33
DA:40,33
LF:22
LH:22
BRDA:7,0,0,34
BRDA:15,1,0,1
BRDA:19,2,0,101
BRDA:19,3,0,107
BRDA:19,3,1,107
BRDA:31,4,0,33
BRDA:34,5,0,33
BRDA:37,6,0,33
BRF:8
BRH:8
end_of_record
TN:
SF:src\routes\activityRoutes.ts
FNF:0
FNH:0
DA:1,4
DA:2,4
DA:3,4
DA:4,4
DA:6,4
DA:9,4
DA:11,4
DA:12,4
DA:13,4
DA:15,4
LF:10
LH:10
BRF:0
BRH:0
end_of_record
TN:
SF:src\routes\authRoutes.ts
FNF:0
FNH:0
DA:1,4
DA:2,4
DA:3,4
DA:4,4
DA:6,4
DA:8,4
DA:9,4
DA:10,4
DA:11,4
DA:12,4
DA:14,4
LF:11
LH:11
BRF:0
BRH:0
end_of_record
TN:
SF:src\routes\chatRoutes.ts
FNF:0
FNH:0
DA:1,4
DA:2,4
DA:3,4
DA:4,4
DA:6,4
DA:9,4
DA:11,4
DA:12,4
DA:14,4
LF:9
LH:9
BRF:0
BRH:0
end_of_record
TN:
SF:src\routes\dashboardRoutes.ts
FNF:0
FNH:0
DA:1,4
DA:2,4
DA:3,4
DA:5,4
DA:8,4
DA:10,4
DA:11,4
DA:12,4
DA:14,4
LF:9
LH:9
BRF:0
BRH:0
end_of_record
TN:
SF:src\routes\exportRoutes.ts
FNF:0
FNH:0
DA:1,4
DA:2,4
DA:3,4
DA:5,4
DA:7,4
DA:9,4
DA:11,4
LF:7
LH:7
BRF:0
BRH:0
end_of_record
TN:
SF:src\routes\index.ts
FNF:0
FNH:0
DA:1,4
DA:2,4
DA:3,4
DA:4,4
DA:5,4
DA:6,4
DA:7,4
DA:9,4
DA:11,4
DA:12,4
DA:13,4
DA:14,4
DA:15,4
DA:16,4
DA:18,4
LF:15
LH:15
BRF:0
BRH:0
end_of_record
TN:
SF:src\routes\tipsRoutes.ts
FNF:0
FNH:0
DA:1,4
DA:2,4
DA:3,4
DA:4,4
DA:6,4
DA:9,4
DA:11,4
DA:12,4
DA:14,4
LF:9
LH:9
BRF:0
BRH:0
end_of_record
TN:
SF:src\services\cache.ts
FN:11,resetCacheForTest
FN:16,getClient
FN:25,(anonymous_3)
FN:37,buildCacheKey
FN:41,getCachedFootprint
FN:59,setCachedFootprint
FN:77,dashboardKey
FN:81,getCachedDashboard
FN:93,setCachedDashboard
FN:104,invalidateDashboardCache
FN:110,(anonymous_11)
FNF:11
FNH:10
FNDA:10,resetCacheForTest
FNDA:35,getClient
FNDA:0,(anonymous_3)
FNDA:7,buildCacheKey
FNDA:4,getCachedFootprint
FNDA:3,setCachedFootprint
FNDA:34,dashboardKey
FNDA:13,getCachedDashboard
FNDA:12,setCachedDashboard
FNDA:3,invalidateDashboardCache
FNDA:9,(anonymous_11)
DA:1,6
DA:3,6
DA:5,6
DA:6,6
DA:8,6
DA:9,6
DA:11,6
DA:12,10
DA:13,10
DA:17,35
DA:18,13
DA:19,13
DA:20,13
DA:22,13
DA:23,13
DA:25,13
DA:26,0
DA:29,0
DA:30,0
DA:31,0
DA:34,35
DA:38,7
DA:41,6
DA:47,4
DA:48,4
DA:49,4
DA:51,4
DA:52,4
DA:53,3
DA:55,1
DA:59,6
DA:66,3
DA:67,3
DA:68,3
DA:70,3
DA:71,3
DA:73,1
DA:78,34
DA:81,6
DA:82,13
DA:83,13
DA:84,13
DA:86,13
DA:87,13
DA:89,0
DA:93,6
DA:94,12
DA:95,12
DA:96,12
DA:98,12
DA:100,0
DA:104,6
DA:105,3
DA:106,3
DA:107,3
DA:109,3
DA:110,9
DA:111,3
DA:113,1
LF:59
LH:53
BRDA:17,0,0,13
BRDA:19,1,0,13
BRDA:19,1,1,0
BRDA:20,2,0,13
BRDA:20,2,1,0
BRDA:29,3,0,0
BRDA:29,3,1,0
BRDA:49,4,0,0
BRDA:53,5,0,1
BRDA:53,5,1,2
BRDA:68,6,0,0
BRDA:84,7,0,0
BRDA:87,8,0,1
BRDA:87,8,1,12
BRDA:96,9,0,0
BRDA:107,10,0,0
BRF:16
BRH:7
end_of_record
TN:
SF:src\services\footprint.ts
FN:15,getDashboardSummary
FN:65,getCategoryBreakdown
FN:76,(anonymous_2)
FN:79,(anonymous_3)
FN:85,(anonymous_4)
FN:99,getDailyProgress
FNF:6
FNH:6
FNDA:4,getDashboardSummary
FNDA:4,getCategoryBreakdown
FNDA:7,(anonymous_2)
FNDA:7,(anonymous_3)
FNDA:6,(anonymous_4)
FNDA:3,getDailyProgress
DA:1,5
DA:3,5
DA:6,5
DA:15,5
DA:16,4
DA:17,4
DA:19,4
DA:20,4
DA:21,4
DA:22,4
DA:23,4
DA:25,4
DA:27,4
DA:43,4
DA:44,4
DA:46,4
DA:54,4
DA:55,4
DA:65,5
DA:66,4
DA:67,4
DA:69,4
DA:76,7
DA:78,4
DA:79,7
DA:85,6
DA:87,4
DA:88,4
DA:99,5
DA:100,3
DA:101,3
DA:103,3
DA:104,3
DA:105,3
DA:108,3
DA:119,3
DA:120,3
DA:122,2
DA:123,2
DA:130,3
DA:131,3
DA:132,64
DA:133,64
DA:134,64
DA:135,64
DA:138,3
DA:139,3
DA:142,5
LF:48
LH:48
BRDA:17,0,0,0
BRDA:43,1,0,4
BRDA:43,1,1,2
BRDA:48,2,0,2
BRDA:48,2,1,2
BRDA:49,3,0,4
BRDA:49,3,1,2
BRDA:50,4,0,4
BRDA:50,4,1,2
BRDA:67,5,0,0
BRDA:76,6,0,7
BRDA:76,6,1,0
BRDA:81,7,0,7
BRDA:81,7,1,0
BRDA:82,8,0,7
BRDA:82,8,1,0
BRDA:82,9,0,7
BRDA:82,9,1,0
BRDA:99,10,0,2
BRDA:101,11,0,0
BRDA:122,12,0,2
BRDA:122,12,1,0
BRDA:125,13,0,2
BRDA:125,13,1,0
BRDA:135,14,0,64
BRDA:135,14,1,62
BRF:26
BRH:17
end_of_record
TN:
SF:src\services\gemini.ts
FN:9,getClient
FN:20,calculateFootprint
FN:85,generateTips
FN:93,(anonymous_3)
FN:128,getDefaultTips
FN:141,checkGeminiStatus
FNF:6
FNH:6
FNDA:24,getClient
FNDA:6,calculateFootprint
FNDA:4,generateTips
FNDA:4,(anonymous_3)
FNDA:3,getDefaultTips
FNDA:4,checkGeminiStatus
DA:1,5
DA:3,5
DA:4,5
DA:7,5
DA:9,5
DA:10,24
DA:11,3
DA:12,3
DA:13,0
DA:15,3
DA:17,24
DA:20,5
DA:26,6
DA:27,6
DA:28,1
DA:31,5
DA:32,5
DA:33,5
DA:35,5
DA:52,5
DA:53,4
DA:54,4
DA:56,4
DA:57,4
DA:58,1
DA:61,3
DA:63,3
DA:64,1
DA:67,2
DA:72,2
DA:74,2
DA:76,3
DA:77,2
DA:79,1
DA:85,5
DA:88,4
DA:89,4
DA:90,4
DA:92,4
DA:93,4
DA:96,4
DA:107,4
DA:108,3
DA:109,3
DA:111,3
DA:112,3
DA:113,2
DA:116,1
DA:118,1
DA:119,0
DA:122,1
DA:124,1
DA:129,3
DA:141,5
DA:147,4
DA:148,4
DA:149,1
DA:156,3
DA:157,3
DA:158,3
DA:160,3
DA:165,2
DA:166,2
DA:167,1
DA:173,1
DA:180,1
DA:181,1
LF:67
LH:65
BRDA:10,0,0,3
BRDA:12,1,0,0
BRDA:27,2,0,1
BRDA:57,3,0,1
BRDA:63,4,0,1
BRDA:63,5,0,3
BRDA:63,5,1,2
BRDA:76,6,0,2
BRDA:80,7,0,1
BRDA:80,7,1,0
BRDA:101,8,0,4
BRDA:101,8,1,1
BRDA:112,9,0,2
BRDA:118,10,0,0
BRDA:118,11,0,1
BRDA:118,11,1,1
BRDA:148,12,0,1
BRDA:148,13,0,4
BRDA:148,13,1,3
BRDA:166,14,0,1
BRDA:180,15,0,1
BRDA:180,15,1,0
BRF:22
BRH:18
end_of_record
TN:
SF:src\services\tips.ts
FN:11,getPersonalizedTips
FN:29,(anonymous_1)
FNF:2
FNH:2
FNDA:2,getPersonalizedTips
FNDA:2,(anonymous_1)
DA:1,4
DA:2,4
DA:11,4
DA:12,2
DA:19,2
DA:20,1
DA:29,2
DA:35,1
LF:8
LH:8
BRDA:19,0,0,1
BRF:1
BRH:1
end_of_record
TN:
SF:src\utils\errors.ts
FN:9,(anonymous_0)
FN:25,(anonymous_1)
FN:38,(anonymous_2)
FN:51,(anonymous_3)
FN:64,(anonymous_4)
FN:77,(anonymous_5)
FN:90,(anonymous_6)
FNF:7
FNH:7
FNDA:37,(anonymous_0)
FNDA:7,(anonymous_1)
FNDA:4,(anonymous_2)
FNDA:5,(anonymous_3)
FNDA:14,(anonymous_4)
FNDA:3,(anonymous_5)
FNDA:3,(anonymous_6)
DA:4,8
DA:10,37
DA:13,37
DA:14,37
DA:21,8
DA:26,7
DA:27,7
DA:34,8
DA:39,4
DA:40,4
DA:47,8
DA:52,5
DA:53,5
DA:60,8
DA:65,14
DA:66,14
DA:73,8
DA:78,3
DA:79,3
DA:86,8
DA:91,3
DA:92,3
LF:22
LH:22
BRDA:38,0,0,1
BRDA:51,1,0,1
BRDA:64,2,0,1
BRDA:77,3,0,1
BRDA:90,4,0,0
BRF:5
BRH:4
end_of_record
TN:
SF:src\utils\jwt.ts
FN:6,getSecret
FN:15,getRefreshSecret
FN:29,generateAccessToken
FN:39,generateRefreshToken
FN:50,verifyAccessToken
FN:69,verifyRefreshToken
FNF:6
FNH:6
FNDA:27,getSecret
FNDA:8,getRefreshSecret
FNDA:7,generateAccessToken
FNDA:5,generateRefreshToken
FNDA:20,verifyAccessToken
FNDA:3,verifyRefreshToken
DA:1,5
DA:3,5
DA:7,27
DA:8,27
DA:9,0
DA:11,27
DA:16,8
DA:17,8
DA:18,0
DA:20,8
DA:29,5
DA:30,7
DA:39,5
DA:40,5
DA:50,5
DA:51,20
DA:52,20
DA:53,17
DA:55,3
DA:56,1
DA:58,2
DA:69,5
DA:70,3
DA:71,3
DA:72,2
DA:74,1
DA:75,0
DA:77,1
LF:28
LH:25
BRDA:8,0,0,0
BRDA:17,1,0,0
BRDA:55,2,0,1
BRDA:74,3,0,0
BRF:4
BRH:1
end_of_record
TN:
SF:src\utils\logger.ts
FNF:0
FNH:0
DA:1,7
DA:3,7
DA:8,7
LF:3
LH:3
BRDA:4,0,0,7
BRDA:4,0,1,7
BRF:2
BRH:2
end_of_record
TN:
SF:src\utils\password.ts
FN:12,hashPassword
FN:24,comparePassword
FNF:2
FNH:2
FNDA:1,hashPassword
FNDA:2,comparePassword
DA:1,4
DA:4,4
DA:12,4
DA:13,1
DA:14,1
DA:24,4
DA:25,2
LF:7
LH:7
BRF:0
BRH:0
end_of_record
TN:
SF:src\utils\validation.ts
FN:6,(anonymous_0)
FNF:1
FNH:1
FNDA:2,(anonymous_0)
DA:1,5
DA:4,5
DA:6,2
DA:18,5
DA:30,5
DA:43,5
DA:49,5
LF:7
LH:7
BRF:0
BRH:0
end_of_record
